Symbol range map extraction starting
Processing 28 files
startProcessing "com\DarwinsNatura\common\blocks\BlockLeaf.java" md5: 8501f14bf646b8d60c2afee82bcf62f2
endProcessing "com\DarwinsNatura\common\blocks\BlockLeaf.java"

startProcessing "com\DarwinsNatura\common\blocks\BlockLogs.java" md5: 5517f6e1c456d0e67ef0d0a52eb03e6c
endProcessing "com\DarwinsNatura\common\blocks\BlockLogs.java"

startProcessing "com\DarwinsNatura\common\entities\EntityGender.java" md5: 397ebbd67dbc6cd2b249c01a821c4f81
endProcessing "com\DarwinsNatura\common\entities\EntityGender.java"

startProcessing "com\DarwinsNatura\common\entities\ai\EntityAIEatWheat.java" md5: 7a630a009c3a033b3d8f3c09871da1af
endProcessing "com\DarwinsNatura\common\entities\ai\EntityAIEatWheat.java"

startProcessing "com\DarwinsNatura\common\entities\aquatic\EntityWaterBase.java" md5: 0edb6e541551c5482e9cd7a34fcae39a
endProcessing "com\DarwinsNatura\common\entities\aquatic\EntityWaterBase.java"

startProcessing "com\DarwinsNatura\common\entities\aquatic\bird\EntityPenguinBase.java" md5: 5bd5ff069c907cca76b59ed21d60840c
endProcessing "com\DarwinsNatura\common\entities\aquatic\bird\EntityPenguinBase.java"

startProcessing "com\DarwinsNatura\common\entities\aquatic\bird\GalapagosPenguin\EntityGalapagosPenguin.java" md5: 851d9e60c2f4dbc7f702eac3f9964701
endProcessing "com\DarwinsNatura\common\entities\aquatic\bird\GalapagosPenguin\EntityGalapagosPenguin.java"

startProcessing "com\DarwinsNatura\common\entities\aquatic\bird\GalapagosPenguin\ModelGalapagosPenguin.java" md5: 06168b1a11e6a4db69a243390cf40cf8
endProcessing "com\DarwinsNatura\common\entities\aquatic\bird\GalapagosPenguin\ModelGalapagosPenguin.java"

startProcessing "com\DarwinsNatura\common\entities\aquatic\bird\GalapagosPenguin\ModelGalapagosPenguinSwim.java" md5: 767d02d0d762d0a252a4af36855838a5
endProcessing "com\DarwinsNatura\common\entities\aquatic\bird\GalapagosPenguin\ModelGalapagosPenguinSwim.java"

startProcessing "com\DarwinsNatura\common\entities\aquatic\bird\GalapagosPenguin\RenderGalapagosPenguin.java" md5: 659d80ad4890faa8f296284fc8f47362
endProcessing "com\DarwinsNatura\common\entities\aquatic\bird\GalapagosPenguin\RenderGalapagosPenguin.java"

startProcessing "com\DarwinsNatura\common\entities\aquatic\bird\GalapagosPenguin\layer\LayerSwimming.java" md5: 6031bc54ae92da7f2aec402c73cb1c84
endProcessing "com\DarwinsNatura\common\entities\aquatic\bird\GalapagosPenguin\layer\LayerSwimming.java"

startProcessing "com\DarwinsNatura\common\entities\terrestrial\rodent\EntityRodentBase.java" md5: 8aaf9c0b6c6126bd6771d82e158f9a30
endProcessing "com\DarwinsNatura\common\entities\terrestrial\rodent\EntityRodentBase.java"

startProcessing "com\DarwinsNatura\common\entities\terrestrial\rodent\GalapagosRiceRat\EntityGalapagosRiceRat.java" md5: 71cb1b115c88235e4b22863e49ba6d13
endProcessing "com\DarwinsNatura\common\entities\terrestrial\rodent\GalapagosRiceRat\EntityGalapagosRiceRat.java"

startProcessing "com\DarwinsNatura\common\entities\terrestrial\rodent\GalapagosRiceRat\ModelGalapagosRiceRat.java" md5: 48544f0ba4083a8d40bc6e017d80d257
endProcessing "com\DarwinsNatura\common\entities\terrestrial\rodent\GalapagosRiceRat\ModelGalapagosRiceRat.java"

startProcessing "com\DarwinsNatura\common\entities\terrestrial\rodent\GalapagosRiceRat\RenderGalapagosRiceRat.java" md5: 76c2f88d0d7785772e14cb32dbd4725b
endProcessing "com\DarwinsNatura\common\entities\terrestrial\rodent\GalapagosRiceRat\RenderGalapagosRiceRat.java"

startProcessing "com\DarwinsNatura\common\init\DarwinsNaturaBiomes.java" md5: 6a205ae7d12ac44adf582f264f940155
endProcessing "com\DarwinsNatura\common\init\DarwinsNaturaBiomes.java"

startProcessing "com\DarwinsNatura\common\init\DarwinsNaturaBlocks.java" md5: 9efabb1c6063510d6b045839df5f7efb
endProcessing "com\DarwinsNatura\common\init\DarwinsNaturaBlocks.java"

startProcessing "com\DarwinsNatura\common\init\DarwinsNaturaEntities.java" md5: 5931137fe0ec170c6ee2df8263460350
endProcessing "com\DarwinsNatura\common\init\DarwinsNaturaEntities.java"

startProcessing "com\DarwinsNatura\common\init\DarwinsNaturaItems.java" md5: 01444aac59c954ba461e493fc7ba4a1b
endProcessing "com\DarwinsNatura\common\init\DarwinsNaturaItems.java"

startProcessing "com\DarwinsNatura\common\util\handlers\RegistryHandler.java" md5: 1a30be90ccb5330883ee288167c7bca8
endProcessing "com\DarwinsNatura\common\util\handlers\RegistryHandler.java"

startProcessing "com\DarwinsNatura\common\util\handlers\TerrainEventHandler.java" md5: b5aff81a102eb6cf67061d69f9a10823
endProcessing "com\DarwinsNatura\common\util\handlers\TerrainEventHandler.java"

startProcessing "com\DarwinsNatura\common\world\biomes\Galapagos\BiomeGalapagos.java" md5: 8a7d7b82051477e4e6ab784a95f8fc1e
endProcessing "com\DarwinsNatura\common\world\biomes\Galapagos\BiomeGalapagos.java"

startProcessing "com\DarwinsNatura\common\world\gen\layers\GenLayerGalapagos.java" md5: cbc6623f7faf895067fed92445c88f48
endProcessing "com\DarwinsNatura\common\world\gen\layers\GenLayerGalapagos.java"

startProcessing "com\DarwinsNatura\common\world\type\WorldTypeTest.java" md5: 6b2d0cd800f17c8b75012a7c8c4d3f1b
endProcessing "com\DarwinsNatura\common\world\type\WorldTypeTest.java"

startProcessing "com\DarwinsNatura\core\Main.java" md5: 05fca3dc542d3f4b4c96902bfe4df3b5
endProcessing "com\DarwinsNatura\core\Main.java"

startProcessing "com\DarwinsNatura\core\Reference.java" md5: da3a0cef2d5d3f7db9990b28368b30e7
endProcessing "com\DarwinsNatura\core\Reference.java"

startProcessing "com\DarwinsNatura\core\proxy\ClientProxy.java" md5: 951871fefc6b04b14129859c8d76fe7d
endProcessing "com\DarwinsNatura\core\proxy\ClientProxy.java"

startProcessing "com\DarwinsNatura\core\proxy\CommonProxy.java" md5: 2fda094e9439e1a9a3fd43b1c877a83b
endProcessing "com\DarwinsNatura\core\proxy\CommonProxy.java"

